<?xml version="1.0" encoding="UTF-8"?>
<!-- Generated by org.testng.reporters.JUnitXMLReporter -->
<testsuite ignored="10" hostname="Arjuns-MBP.bbrouter" failures="1" tests="10" name="Test" time="149.616" errors="0" timestamp="2023-02-16T20:58:22 IST">
  <testcase classname="com.phptravels.admin_test.Admin_login_test" name="verifyInvalidLogin2" time="1.082"/>
  <testcase classname="com.phptravels.admin_test.Admin_login_test" name="verifyInvalidLogin2" time="1.186"/>
  <testcase classname="com.phptravels.admin_test.Admin_login_test" name="verifyInvalidLogin2" time="0.442"/>
  <testcase classname="com.phptravels.admin_test.Admin_login_test" name="verifyInvalidLogin2" time="0.326"/>
  <testcase classname="com.phptravels.admin_test.Admin_login_test" name="verifyLogin" time="18.668"/>
  <testcase classname="com.phptravels.admin_test.LogoutTest" name="logout" time="9.073"/>
  <testcase classname="com.phptravels.admin_test.Admin_weblink_test" name="verifyLink" time="11.622"/>
  <testcase classname="com.phptravels.admin_test.Admin_RecordDL_test" name="verifyRecordDL" time="13.15"/>
  <testcase classname="com.phptravels.admin_test.Admin_Statusupdate_test" name="dashboard" time="16.946"/>
  <testcase classname="com.phptravels.admin_test.Admin_booking_test" name="verifyInvoice" time="19.823">
    <failure type="java.lang.AssertionError" message="expected [true] but found [false]">
      <![CDATA[java.lang.AssertionError: expected [true] but found [false]
at com.phptravels.admin_test.Admin_booking_test.verifyInvoice(Admin_booking_test.java:35)
at java.base/java.util.ArrayList.forEach(ArrayList.java:1511)
... Removed 31 stack frames]]>
    </failure>
  </testcase> <!-- verifyInvoice -->
  <testcase classname="com.phptravels.baseclass.BaseClass" name="@AfterSuite tearDown" time="0.0">
    <ignored/>
  </testcase> <!-- @AfterSuite tearDown -->
  <testcase classname="com.phptravels.baseclass.BaseClass" name="@AfterSuite tearDown" time="0.0">
    <ignored/>
  </testcase> <!-- @AfterSuite tearDown -->
  <testcase classname="com.phptravels.baseclass.BaseClass" name="@AfterSuite tearDown" time="0.0">
    <ignored/>
  </testcase> <!-- @AfterSuite tearDown -->
  <testcase classname="com.phptravels.baseclass.BaseClass" name="@AfterSuite tearDown" time="0.0">
    <ignored/>
  </testcase> <!-- @AfterSuite tearDown -->
  <testcase classname="com.phptravels.baseclass.BaseClass" name="@AfterSuite tearDown" time="0.0">
    <ignored/>
  </testcase> <!-- @AfterSuite tearDown -->
  <testcase classname="com.phptravels.baseclass.BaseClass" name="@BeforeTest onSetup" time="0.0">
    <ignored/>
  </testcase> <!-- @BeforeTest onSetup -->
  <testcase classname="com.phptravels.baseclass.BaseClass" name="@BeforeTest onSetup" time="0.0">
    <ignored/>
  </testcase> <!-- @BeforeTest onSetup -->
  <testcase classname="com.phptravels.baseclass.BaseClass" name="@BeforeTest onSetup" time="0.0">
    <ignored/>
  </testcase> <!-- @BeforeTest onSetup -->
  <testcase classname="com.phptravels.baseclass.BaseClass" name="@BeforeTest onSetup" time="0.0">
    <ignored/>
  </testcase> <!-- @BeforeTest onSetup -->
  <testcase classname="com.phptravels.baseclass.BaseClass" name="@BeforeTest onSetup" time="0.0">
    <ignored/>
  </testcase> <!-- @BeforeTest onSetup -->
</testsuite> <!-- Test -->
